<?xml version="1.0" encoding="UTF-8"?>
<!-- Generated by org.testng.reporters.JUnitReportReporter -->
<testsuite skipped="0" hostname="SLDT075" name="com.selenium.tripadvisor.TripTest" tests="1" failures="0" timestamp="10 Jan 2020 19:12:34 GMT" time="20.163" errors="0">
  <testcase name="test" time="20.163" classname="com.selenium.tripadvisor.TripTest"/>
</testsuite> <!-- com.selenium.tripadvisor.TripTest -->
