<?xml version="1.0" encoding="UTF-8"?>
<!-- Generated by org.testng.reporters.JUnitReportReporter -->
<testsuite skipped="0" hostname="SLDT075" name="com.selenium.mobileprize.MainTest" tests="1" failures="0" timestamp="10 Jan 2020 19:39:57 GMT" time="17.607" errors="0">
  <testcase name="mobileRateFinder" time="17.607" classname="com.selenium.mobileprize.MainTest"/>
</testsuite> <!-- com.selenium.mobileprize.MainTest -->
